<?xml version="1.0" encoding="UTF-8"?>
<!-- Generated by org.testng.reporters.JUnitReportReporter -->
<testsuite hostname="IN-NOI-LAKSHIT1" failures="0" tests="1" name="testcases.CarLoanTest" time="0.004" errors="0" timestamp="15 Apr 2023 07:02:33 GMT" skipped="0">
  <testcase classname="testcases.CarLoanTest" name="test3" time="0.004"/>
</testsuite> <!-- testcases.CarLoanTest -->
